==7430== Memcheck, a memory error detector
==7430== Copyright (C) 2002-2012, and GNU GPL'd, by Julian Seward et al.
==7430== Using Valgrind-3.8.1 and LibVEX; rerun with -h for copyright info
==7430== Command: ./pa06
==7430== Parent PID: 1888
==7430== 
--7430-- 
--7430-- Valgrind options:
--7430--    --tool=memcheck
--7430--    --leak-check=full
--7430--    --verbose
--7430--    --log-file=memcheck.log
--7430-- Contents of /proc/version:
--7430--   Linux version 2.6.32-431.5.1.el6.x86_64 (mockbuild@x86-002.build.bos.redhat.com) (gcc version 4.4.7 20120313 (Red Hat 4.4.7-4) (GCC) ) #1 SMP Fri Jan 10 14:46:43 EST 2014
--7430-- Arch and hwcaps: AMD64, amd64-sse3-cx16
--7430-- Page sizes: currently 4096, max supported 4096
--7430-- Valgrind library directory: /usr/lib64/valgrind
--7430-- Reading syms from /home/shay/b/sparida/ECE264/solutions/demo/PA06/pa06
--7430-- Reading syms from /usr/lib64/valgrind/memcheck-amd64-linux
--7430--    object doesn't have a dynamic symbol table
--7430-- Reading syms from /lib64/ld-2.12.so
--7430-- Scheduler: using generic scheduler lock implementation.
--7430-- Reading suppressions file: /usr/lib64/valgrind/default.supp
==7430== embedded gdbserver: reading from /tmp/vgdb-pipe-from-vgdb-to-7430-by-sparida-on-ecelinux37.ecn.purdue.edu
==7430== embedded gdbserver: writing to   /tmp/vgdb-pipe-to-vgdb-from-7430-by-sparida-on-ecelinux37.ecn.purdue.edu
==7430== embedded gdbserver: shared mem   /tmp/vgdb-pipe-shared-mem-vgdb-7430-by-sparida-on-ecelinux37.ecn.purdue.edu
==7430== 
==7430== TO CONTROL THIS PROCESS USING vgdb (which you probably
==7430== don't want to do, unless you know exactly what you're doing,
==7430== or are doing some strange experiment):
==7430==   /usr/lib64/valgrind/../../bin/vgdb --pid=7430 ...command...
==7430== 
==7430== TO DEBUG THIS PROCESS USING GDB: start GDB like this
==7430==   /path/to/gdb ./pa06
==7430== and then give GDB the following command
==7430==   target remote | /usr/lib64/valgrind/../../bin/vgdb --pid=7430
==7430== --pid is optional if only one valgrind process is running
==7430== 
--7430-- REDIR: 0x39a4e17530 (strlen) redirected to 0x38049551 (vgPlain_amd64_linux_REDIR_FOR_strlen)
--7430-- Reading syms from /usr/lib64/valgrind/vgpreload_core-amd64-linux.so
--7430-- Reading syms from /usr/lib64/valgrind/vgpreload_memcheck-amd64-linux.so
--7430-- REDIR: 0x39a4e173a0 (index) redirected to 0x4a07bf0 (index)
--7430-- REDIR: 0x39a4e17420 (strcmp) redirected to 0x4a08530 (strcmp)
--7430-- Reading syms from /lib64/libc-2.12.so
--7430-- REDIR: 0x39a5284fb0 (strcasecmp) redirected to 0x480155c (_vgnU_ifunc_wrapper)
--7430-- REDIR: 0x39a5287270 (strncasecmp) redirected to 0x480155c (_vgnU_ifunc_wrapper)
--7430-- REDIR: 0x39a5282f20 (__GI_strrchr) redirected to 0x4a07a70 (__GI_strrchr)
--7430-- REDIR: 0x39a528add0 (strchrnul) redirected to 0x4a09f10 (strchrnul)
--7430-- REDIR: 0x39a527b800 (free) redirected to 0x4a06369 (free)
--7430-- REDIR: 0x39a527a920 (malloc) redirected to 0x4a0696c (malloc)
==7430== 
==7430== HEAP SUMMARY:
==7430==     in use at exit: 0 bytes in 0 blocks
==7430==   total heap usage: 1 allocs, 1 frees, 20 bytes allocated
==7430== 
==7430== All heap blocks were freed -- no leaks are possible
==7430== 
==7430== ERROR SUMMARY: 0 errors from 0 contexts (suppressed: 6 from 6)
--7430-- 
--7430-- used_suppression:      4 U1004-ARM-_dl_relocate_object
--7430-- used_suppression:      2 glibc-2.5.x-on-SUSE-10.2-(PPC)-2a
==7430== 
==7430== ERROR SUMMARY: 0 errors from 0 contexts (suppressed: 6 from 6)
