==6889== Memcheck, a memory error detector
==6889== Copyright (C) 2002-2012, and GNU GPL'd, by Julian Seward et al.
==6889== Using Valgrind-3.8.1 and LibVEX; rerun with -h for copyright info
==6889== Command: ./echo-lite
==6889== Parent PID: 4081
==6889== 
--6889-- 
--6889-- Valgrind options:
--6889--    --tool=memcheck
--6889--    --leak-check=full
--6889--    --verbose
--6889--    --log-file=memcheck.log
--6889-- Contents of /proc/version:
--6889--   Linux version 2.6.32-431.5.1.el6.x86_64 (mockbuild@x86-002.build.bos.redhat.com) (gcc version 4.4.7 20120313 (Red Hat 4.4.7-4) (GCC) ) #1 SMP Fri Jan 10 14:46:43 EST 2014
--6889-- Arch and hwcaps: AMD64, amd64-sse3-cx16
--6889-- Page sizes: currently 4096, max supported 4096
--6889-- Valgrind library directory: /usr/lib64/valgrind
--6889-- Reading syms from /home/shay/b/sparida/ECE264/solutions/demo/PA04/echo-lite
--6889-- Reading syms from /usr/lib64/valgrind/memcheck-amd64-linux
--6889--    object doesn't have a dynamic symbol table
--6889-- Reading syms from /lib64/ld-2.12.so
--6889-- Scheduler: using generic scheduler lock implementation.
--6889-- Reading suppressions file: /usr/lib64/valgrind/default.supp
==6889== embedded gdbserver: reading from /tmp/vgdb-pipe-from-vgdb-to-6889-by-sparida-on-ecelinux37.ecn.purdue.edu
==6889== embedded gdbserver: writing to   /tmp/vgdb-pipe-to-vgdb-from-6889-by-sparida-on-ecelinux37.ecn.purdue.edu
==6889== embedded gdbserver: shared mem   /tmp/vgdb-pipe-shared-mem-vgdb-6889-by-sparida-on-ecelinux37.ecn.purdue.edu
==6889== 
==6889== TO CONTROL THIS PROCESS USING vgdb (which you probably
==6889== don't want to do, unless you know exactly what you're doing,
==6889== or are doing some strange experiment):
==6889==   /usr/lib64/valgrind/../../bin/vgdb --pid=6889 ...command...
==6889== 
==6889== TO DEBUG THIS PROCESS USING GDB: start GDB like this
==6889==   /path/to/gdb ./echo-lite
==6889== and then give GDB the following command
==6889==   target remote | /usr/lib64/valgrind/../../bin/vgdb --pid=6889
==6889== --pid is optional if only one valgrind process is running
==6889== 
--6889-- REDIR: 0x39a4e17530 (strlen) redirected to 0x38049551 (vgPlain_amd64_linux_REDIR_FOR_strlen)
--6889-- Reading syms from /usr/lib64/valgrind/vgpreload_core-amd64-linux.so
--6889-- Reading syms from /usr/lib64/valgrind/vgpreload_memcheck-amd64-linux.so
--6889-- REDIR: 0x39a4e173a0 (index) redirected to 0x4a07bf0 (index)
--6889-- REDIR: 0x39a4e17420 (strcmp) redirected to 0x4a08530 (strcmp)
--6889-- Reading syms from /lib64/libc-2.12.so
--6889-- REDIR: 0x39a5284fb0 (strcasecmp) redirected to 0x480155c (_vgnU_ifunc_wrapper)
--6889-- REDIR: 0x39a5287270 (strncasecmp) redirected to 0x480155c (_vgnU_ifunc_wrapper)
--6889-- REDIR: 0x39a5282f20 (__GI_strrchr) redirected to 0x4a07a70 (__GI_strrchr)
--6889-- REDIR: 0x39a527b800 (free) redirected to 0x4a06369 (free)
==6889== 
==6889== HEAP SUMMARY:
==6889==     in use at exit: 0 bytes in 0 blocks
==6889==   total heap usage: 0 allocs, 0 frees, 0 bytes allocated
==6889== 
==6889== All heap blocks were freed -- no leaks are possible
==6889== 
==6889== ERROR SUMMARY: 0 errors from 0 contexts (suppressed: 6 from 6)
--6889-- 
--6889-- used_suppression:      4 U1004-ARM-_dl_relocate_object
--6889-- used_suppression:      2 glibc-2.5.x-on-SUSE-10.2-(PPC)-2a
==6889== 
==6889== ERROR SUMMARY: 0 errors from 0 contexts (suppressed: 6 from 6)
